{"/home/larober/Documents/ITJBootcamp_II/capstone_project/capstone-project-backend/src/controllers/product.js": {"path":"/home/larober/Documents/ITJBootcamp_II/capstone_project/capstone-project-backend/src/controllers/product.js","statementMap":{"0":{"start":{"line":1,"column":23},"end":{"line":1,"column":54}},"1":{"start":{"line":3,"column":0},"end":{"line":16,"column":2}},"2":{"start":{"line":4,"column":4},"end":{"line":15,"column":5}},"3":{"start":{"line":5,"column":25},"end":{"line":5,"column":59}},"4":{"start":{"line":6,"column":8},"end":{"line":8,"column":11}},"5":{"start":{"line":10,"column":8},"end":{"line":10,"column":38}},"6":{"start":{"line":11,"column":8},"end":{"line":13,"column":11}},"7":{"start":{"line":18,"column":0},"end":{"line":30,"column":2}},"8":{"start":{"line":19,"column":4},"end":{"line":29,"column":5}},"9":{"start":{"line":20,"column":22},"end":{"line":20,"column":72}},"10":{"start":{"line":21,"column":8},"end":{"line":23,"column":11}},"11":{"start":{"line":25,"column":8},"end":{"line":25,"column":38}},"12":{"start":{"line":26,"column":8},"end":{"line":28,"column":11}},"13":{"start":{"line":32,"column":0},"end":{"line":45,"column":2}},"14":{"start":{"line":33,"column":4},"end":{"line":44,"column":5}},"15":{"start":{"line":34,"column":27},"end":{"line":34,"column":71}},"16":{"start":{"line":35,"column":8},"end":{"line":38,"column":11}},"17":{"start":{"line":40,"column":8},"end":{"line":40,"column":36}},"18":{"start":{"line":41,"column":8},"end":{"line":43,"column":10}},"19":{"start":{"line":48,"column":0},"end":{"line":62,"column":2}},"20":{"start":{"line":49,"column":4},"end":{"line":60,"column":5}},"21":{"start":{"line":50,"column":23},"end":{"line":50,"column":33}},"22":{"start":{"line":51,"column":28},"end":{"line":51,"column":36}},"23":{"start":{"line":52,"column":31},"end":{"line":52,"column":82}},"24":{"start":{"line":54,"column":8},"end":{"line":54,"column":45}},"25":{"start":{"line":57,"column":8},"end":{"line":57,"column":29}},"26":{"start":{"line":58,"column":8},"end":{"line":58,"column":60}},"27":{"start":{"line":64,"column":0},"end":{"line":77,"column":2}},"28":{"start":{"line":65,"column":4},"end":{"line":75,"column":5}},"29":{"start":{"line":66,"column":23},"end":{"line":66,"column":33}},"30":{"start":{"line":67,"column":8},"end":{"line":67,"column":47}},"31":{"start":{"line":68,"column":8},"end":{"line":68,"column":31}},"32":{"start":{"line":71,"column":8},"end":{"line":71,"column":29}},"33":{"start":{"line":72,"column":8},"end":{"line":72,"column":60}}},"fnMap":{"0":{"name":"(anonymous_0)","decl":{"start":{"line":3,"column":22},"end":{"line":3,"column":23}},"loc":{"start":{"line":3,"column":42},"end":{"line":16,"column":1}},"line":3},"1":{"name":"(anonymous_1)","decl":{"start":{"line":18,"column":25},"end":{"line":18,"column":26}},"loc":{"start":{"line":18,"column":45},"end":{"line":30,"column":1}},"line":18},"2":{"name":"(anonymous_2)","decl":{"start":{"line":32,"column":24},"end":{"line":32,"column":25}},"loc":{"start":{"line":32,"column":44},"end":{"line":45,"column":1}},"line":32},"3":{"name":"(anonymous_3)","decl":{"start":{"line":48,"column":24},"end":{"line":48,"column":25}},"loc":{"start":{"line":48,"column":44},"end":{"line":62,"column":1}},"line":48},"4":{"name":"(anonymous_4)","decl":{"start":{"line":64,"column":24},"end":{"line":64,"column":25}},"loc":{"start":{"line":64,"column":44},"end":{"line":77,"column":1}},"line":64}},"branchMap":{},"s":{"0":4,"1":4,"2":2,"3":2,"4":1,"5":1,"6":1,"7":4,"8":3,"9":3,"10":2,"11":1,"12":1,"13":4,"14":4,"15":4,"16":3,"17":1,"18":1,"19":4,"20":4,"21":4,"22":4,"23":4,"24":3,"25":1,"26":1,"27":4,"28":3,"29":3,"30":3,"31":2,"32":1,"33":1},"f":{"0":2,"1":3,"2":4,"3":4,"4":3},"b":{},"_coverageSchema":"1a1c01bbd47fc00a2c39e90264f33305004495a9","hash":"0a86028fe50929d92573b7eee9db3c5e7bc8cf08"}
,"/home/larober/Documents/ITJBootcamp_II/capstone_project/capstone-project-backend/src/models/product.js": {"path":"/home/larober/Documents/ITJBootcamp_II/capstone_project/capstone-project-backend/src/models/product.js","statementMap":{"0":{"start":{"line":1,"column":17},"end":{"line":1,"column":36}},"1":{"start":{"line":3,"column":15},"end":{"line":3,"column":30}},"2":{"start":{"line":5,"column":22},"end":{"line":22,"column":2}},"3":{"start":{"line":24,"column":0},"end":{"line":24,"column":58}}},"fnMap":{},"branchMap":{},"s":{"0":8,"1":8,"2":8,"3":8},"f":{},"b":{},"_coverageSchema":"1a1c01bbd47fc00a2c39e90264f33305004495a9","hash":"263b2db4a5fbf205beff4209563b42d759b842dd"}
,"/home/larober/Documents/ITJBootcamp_II/capstone_project/capstone-project-backend/src/services/products.js": {"path":"/home/larober/Documents/ITJBootcamp_II/capstone_project/capstone-project-backend/src/services/products.js","statementMap":{"0":{"start":{"line":1,"column":16},"end":{"line":1,"column":44}},"1":{"start":{"line":3,"column":0},"end":{"line":6,"column":2}},"2":{"start":{"line":4,"column":19},"end":{"line":4,"column":53}},"3":{"start":{"line":5,"column":4},"end":{"line":5,"column":20}},"4":{"start":{"line":8,"column":0},"end":{"line":11,"column":2}},"5":{"start":{"line":9,"column":18},"end":{"line":9,"column":58}},"6":{"start":{"line":10,"column":4},"end":{"line":10,"column":19}},"7":{"start":{"line":13,"column":0},"end":{"line":15,"column":2}},"8":{"start":{"line":14,"column":4},"end":{"line":14,"column":89}},"9":{"start":{"line":17,"column":0},"end":{"line":26,"column":1}},"10":{"start":{"line":18,"column":20},"end":{"line":23,"column":6}},"11":{"start":{"line":24,"column":4},"end":{"line":24,"column":32}},"12":{"start":{"line":28,"column":0},"end":{"line":30,"column":2}},"13":{"start":{"line":29,"column":4},"end":{"line":29,"column":47}}},"fnMap":{"0":{"name":"(anonymous_0)","decl":{"start":{"line":3,"column":22},"end":{"line":3,"column":23}},"loc":{"start":{"line":3,"column":34},"end":{"line":6,"column":1}},"line":3},"1":{"name":"(anonymous_1)","decl":{"start":{"line":8,"column":25},"end":{"line":8,"column":26}},"loc":{"start":{"line":8,"column":39},"end":{"line":11,"column":1}},"line":8},"2":{"name":"(anonymous_2)","decl":{"start":{"line":13,"column":24},"end":{"line":13,"column":25}},"loc":{"start":{"line":13,"column":51},"end":{"line":15,"column":1}},"line":13},"3":{"name":"(anonymous_3)","decl":{"start":{"line":17,"column":24},"end":{"line":17,"column":25}},"loc":{"start":{"line":17,"column":47},"end":{"line":26,"column":1}},"line":17},"4":{"name":"(anonymous_4)","decl":{"start":{"line":28,"column":24},"end":{"line":28,"column":25}},"loc":{"start":{"line":28,"column":38},"end":{"line":30,"column":1}},"line":28}},"branchMap":{},"s":{"0":8,"1":8,"2":3,"3":3,"4":8,"5":3,"6":3,"7":8,"8":4,"9":8,"10":1,"11":1,"12":8,"13":2},"f":{"0":3,"1":3,"2":4,"3":1,"4":2},"b":{},"_coverageSchema":"1a1c01bbd47fc00a2c39e90264f33305004495a9","hash":"8b4e170c27bdfef3d9be3053fc2ff5898457b9c0"}
}
