TN:
SF:src/controllers/product.js
FN:3,(anonymous_0)
FN:18,(anonymous_1)
FN:32,(anonymous_2)
FN:48,(anonymous_3)
FN:64,(anonymous_4)
FNF:5
FNH:5
FNDA:2,(anonymous_0)
FNDA:3,(anonymous_1)
FNDA:4,(anonymous_2)
FNDA:4,(anonymous_3)
FNDA:3,(anonymous_4)
DA:1,4
DA:3,4
DA:4,2
DA:5,2
DA:6,1
DA:10,1
DA:11,1
DA:18,4
DA:19,3
DA:20,3
DA:21,2
DA:25,1
DA:26,1
DA:32,4
DA:33,4
DA:34,4
DA:35,3
DA:40,1
DA:41,1
DA:48,4
DA:49,4
DA:50,4
DA:51,4
DA:52,4
DA:54,3
DA:57,1
DA:58,1
DA:64,4
DA:65,3
DA:66,3
DA:67,3
DA:68,2
DA:71,1
DA:72,1
LF:34
LH:34
BRF:0
BRH:0
end_of_record
TN:
SF:src/models/product.js
FNF:0
FNH:0
DA:1,8
DA:3,8
DA:5,8
DA:24,8
LF:4
LH:4
BRF:0
BRH:0
end_of_record
TN:
SF:src/services/products.js
FN:3,(anonymous_0)
FN:8,(anonymous_1)
FN:13,(anonymous_2)
FN:17,(anonymous_3)
FN:28,(anonymous_4)
FNF:5
FNH:5
FNDA:3,(anonymous_0)
FNDA:3,(anonymous_1)
FNDA:4,(anonymous_2)
FNDA:1,(anonymous_3)
FNDA:2,(anonymous_4)
DA:1,8
DA:3,8
DA:4,3
DA:5,3
DA:8,8
DA:9,3
DA:10,3
DA:13,8
DA:14,4
DA:17,8
DA:18,1
DA:24,1
DA:28,8
DA:29,2
LF:14
LH:14
BRF:0
BRH:0
end_of_record
